<?xml version="1.0" encoding="UTF-8"?>
<testng-results skipped="0" failed="0" ignored="0" total="2" passed="2">
  <reporter-output>
  </reporter-output>
  <suite name="Default suite" duration-ms="12401" started-at="2020-07-15T05:55:45Z" finished-at="2020-07-15T05:55:57Z">
    <groups>
    </groups>
    <test name="Default test" duration-ms="12401" started-at="2020-07-15T05:55:45Z" finished-at="2020-07-15T05:55:57Z">
      <class name="Test.NewTest">
        <test-method status="PASS" signature="luanchApplication()[pri:0, instance:Test.NewTest@1d548a08]" name="luanchApplication" is-config="true" duration-ms="8436" started-at="2020-07-15T05:55:45Z" finished-at="2020-07-15T05:55:53Z">
          <reporter-output>
          </reporter-output>
        </test-method> <!-- luanchApplication -->
        <test-method status="PASS" signature="Login()[pri:1, instance:Test.NewTest@1d548a08]" name="Login" duration-ms="889" started-at="2020-07-15T05:55:53Z" finished-at="2020-07-15T05:55:54Z">
          <reporter-output>
          </reporter-output>
        </test-method> <!-- Login -->
        <test-method status="PASS" signature="Logout()[pri:2, instance:Test.NewTest@1d548a08]" name="Logout" duration-ms="2806" started-at="2020-07-15T05:55:54Z" finished-at="2020-07-15T05:55:57Z">
          <reporter-output>
          </reporter-output>
        </test-method> <!-- Logout -->
        <test-method status="PASS" signature="closeApplication()[pri:0, instance:Test.NewTest@1d548a08]" name="closeApplication" is-config="true" duration-ms="218" started-at="2020-07-15T05:55:57Z" finished-at="2020-07-15T05:55:57Z">
          <reporter-output>
          </reporter-output>
        </test-method> <!-- closeApplication -->
      </class> <!-- Test.NewTest -->
    </test> <!-- Default test -->
  </suite> <!-- Default suite -->
</testng-results>
